<?xml version="1.0" encoding="UTF-8"?>
<testsuite name="com.example.mutualrisk.common.oauth.util.TokenProviderTest" tests="3" skipped="0" failures="0" errors="0" timestamp="2024-09-24T05:50:50" hostname="DESKTOP-MMCQPV1" time="0.57">
  <properties/>
  <testcase name="엑세스 토큰 유효성 검증" classname="com.example.mutualrisk.common.oauth.util.TokenProviderTest" time="0.549"/>
  <testcase name="엑세스 토큰에서 subject 추출" classname="com.example.mutualrisk.common.oauth.util.TokenProviderTest" time="0.01"/>
  <testcase name="엑세스 토큰 발급 테스트" classname="com.example.mutualrisk.common.oauth.util.TokenProviderTest" time="0.008"/>
  <system-out><![CDATA[2024-09-24T14:50:48.069+09:00  INFO 22860 --- [mutualrisk] [    Test worker] t.c.s.AnnotationConfigContextLoaderUtils : Could not detect default configuration classes for test class [com.example.mutualrisk.common.oauth.util.TokenProviderTest]: TokenProviderTest does not declare any static, non-private, non-final, nested classes annotated with @Configuration.
2024-09-24T14:50:48.117+09:00  INFO 22860 --- [mutualrisk] [    Test worker] .b.t.c.SpringBootTestContextBootstrapper : Found @SpringBootConfiguration com.example.mutualrisk.MutualriskApplication for test class com.example.mutualrisk.common.oauth.util.TokenProviderTest

  .   ____          _            __ _ _
 /\\ / ___'_ __ _ _(_)_ __  __ _ \ \ \ \
( ( )\___ | '_ | '_| | '_ \/ _` | \ \ \ \
 \\/  ___)| |_)| | | | | || (_| |  ) ) ) )
  '  |____| .__|_| |_|_| |_\__, | / / / /
 =========|_|==============|___/=/_/_/_/

 :: Spring Boot ::                (v3.3.3)

2024-09-24T14:50:48.192+09:00  INFO 22860 --- [mutualrisk] [    Test worker] c.e.m.c.oauth.util.TokenProviderTest     : Starting TokenProviderTest using Java 17.0.11 with PID 22860 (started by SSAFY in C:\특화프로젝트\새 폴더\S11P21A607\backend\spring)
2024-09-24T14:50:48.193+09:00  INFO 22860 --- [mutualrisk] [    Test worker] c.e.m.c.oauth.util.TokenProviderTest     : The following 1 profile is active: "test"
2024-09-24T14:50:48.667+09:00  INFO 22860 --- [mutualrisk] [    Test worker] .s.d.r.c.RepositoryConfigurationDelegate : Multiple Spring Data modules found, entering strict repository configuration mode
2024-09-24T14:50:48.668+09:00  INFO 22860 --- [mutualrisk] [    Test worker] .s.d.r.c.RepositoryConfigurationDelegate : Bootstrapping Spring Data JPA repositories in DEFAULT mode.
2024-09-24T14:50:48.713+09:00  INFO 22860 --- [mutualrisk] [    Test worker] .s.d.r.c.RepositoryConfigurationDelegate : Finished Spring Data repository scanning in 45 ms. Found 5 JPA repository interfaces.
2024-09-24T14:50:48.720+09:00  INFO 22860 --- [mutualrisk] [    Test worker] .s.d.r.c.RepositoryConfigurationDelegate : Multiple Spring Data modules found, entering strict repository configuration mode
2024-09-24T14:50:48.720+09:00  INFO 22860 --- [mutualrisk] [    Test worker] .s.d.r.c.RepositoryConfigurationDelegate : Bootstrapping Spring Data MongoDB repositories in DEFAULT mode.
2024-09-24T14:50:48.728+09:00  INFO 22860 --- [mutualrisk] [    Test worker] .RepositoryConfigurationExtensionSupport : Spring Data MongoDB - Could not safely identify store assignment for repository candidate interface com.example.mutualrisk.asset.repository.AssetHistoryRepository; If you want this repository to be a MongoDB repository, consider annotating your entities with one of these annotations: org.springframework.data.mongodb.core.mapping.Document (preferred), or consider extending one of the following types with your repository: org.springframework.data.mongodb.repository.MongoRepository
2024-09-24T14:50:48.729+09:00  INFO 22860 --- [mutualrisk] [    Test worker] .RepositoryConfigurationExtensionSupport : Spring Data MongoDB - Could not safely identify store assignment for repository candidate interface com.example.mutualrisk.asset.repository.AssetRepository; If you want this repository to be a MongoDB repository, consider annotating your entities with one of these annotations: org.springframework.data.mongodb.core.mapping.Document (preferred), or consider extending one of the following types with your repository: org.springframework.data.mongodb.repository.MongoRepository
2024-09-24T14:50:48.729+09:00  INFO 22860 --- [mutualrisk] [    Test worker] .RepositoryConfigurationExtensionSupport : Spring Data MongoDB - Could not safely identify store assignment for repository candidate interface com.example.mutualrisk.asset.repository.InterestAssetRepository; If you want this repository to be a MongoDB repository, consider annotating your entities with one of these annotations: org.springframework.data.mongodb.core.mapping.Document (preferred), or consider extending one of the following types with your repository: org.springframework.data.mongodb.repository.MongoRepository
2024-09-24T14:50:48.729+09:00  INFO 22860 --- [mutualrisk] [    Test worker] .RepositoryConfigurationExtensionSupport : Spring Data MongoDB - Could not safely identify store assignment for repository candidate interface com.example.mutualrisk.industry.repository.IndustryRepository; If you want this repository to be a MongoDB repository, consider annotating your entities with one of these annotations: org.springframework.data.mongodb.core.mapping.Document (preferred), or consider extending one of the following types with your repository: org.springframework.data.mongodb.repository.MongoRepository
2024-09-24T14:50:48.730+09:00  INFO 22860 --- [mutualrisk] [    Test worker] .RepositoryConfigurationExtensionSupport : Spring Data MongoDB - Could not safely identify store assignment for repository candidate interface com.example.mutualrisk.user.repository.UserRepository; If you want this repository to be a MongoDB repository, consider annotating your entities with one of these annotations: org.springframework.data.mongodb.core.mapping.Document (preferred), or consider extending one of the following types with your repository: org.springframework.data.mongodb.repository.MongoRepository
2024-09-24T14:50:48.730+09:00  INFO 22860 --- [mutualrisk] [    Test worker] .s.d.r.c.RepositoryConfigurationDelegate : Finished Spring Data repository scanning in 9 ms. Found 0 MongoDB repository interfaces.
2024-09-24T14:50:48.733+09:00  INFO 22860 --- [mutualrisk] [    Test worker] .s.d.r.c.RepositoryConfigurationDelegate : Multiple Spring Data modules found, entering strict repository configuration mode
2024-09-24T14:50:48.733+09:00  INFO 22860 --- [mutualrisk] [    Test worker] .s.d.r.c.RepositoryConfigurationDelegate : Bootstrapping Spring Data Redis repositories in DEFAULT mode.
2024-09-24T14:50:48.745+09:00  INFO 22860 --- [mutualrisk] [    Test worker] .RepositoryConfigurationExtensionSupport : Spring Data Redis - Could not safely identify store assignment for repository candidate interface com.example.mutualrisk.asset.repository.AssetHistoryRepository; If you want this repository to be a Redis repository, consider annotating your entities with one of these annotations: org.springframework.data.redis.core.RedisHash (preferred), or consider extending one of the following types with your repository: org.springframework.data.keyvalue.repository.KeyValueRepository
2024-09-24T14:50:48.745+09:00  INFO 22860 --- [mutualrisk] [    Test worker] .RepositoryConfigurationExtensionSupport : Spring Data Redis - Could not safely identify store assignment for repository candidate interface com.example.mutualrisk.asset.repository.AssetRepository; If you want this repository to be a Redis repository, consider annotating your entities with one of these annotations: org.springframework.data.redis.core.RedisHash (preferred), or consider extending one of the following types with your repository: org.springframework.data.keyvalue.repository.KeyValueRepository
2024-09-24T14:50:48.745+09:00  INFO 22860 --- [mutualrisk] [    Test worker] .RepositoryConfigurationExtensionSupport : Spring Data Redis - Could not safely identify store assignment for repository candidate interface com.example.mutualrisk.asset.repository.InterestAssetRepository; If you want this repository to be a Redis repository, consider annotating your entities with one of these annotations: org.springframework.data.redis.core.RedisHash (preferred), or consider extending one of the following types with your repository: org.springframework.data.keyvalue.repository.KeyValueRepository
2024-09-24T14:50:48.746+09:00  INFO 22860 --- [mutualrisk] [    Test worker] .RepositoryConfigurationExtensionSupport : Spring Data Redis - Could not safely identify store assignment for repository candidate interface com.example.mutualrisk.industry.repository.IndustryRepository; If you want this repository to be a Redis repository, consider annotating your entities with one of these annotations: org.springframework.data.redis.core.RedisHash (preferred), or consider extending one of the following types with your repository: org.springframework.data.keyvalue.repository.KeyValueRepository
2024-09-24T14:50:48.746+09:00  INFO 22860 --- [mutualrisk] [    Test worker] .RepositoryConfigurationExtensionSupport : Spring Data Redis - Could not safely identify store assignment for repository candidate interface com.example.mutualrisk.user.repository.UserRepository; If you want this repository to be a Redis repository, consider annotating your entities with one of these annotations: org.springframework.data.redis.core.RedisHash (preferred), or consider extending one of the following types with your repository: org.springframework.data.keyvalue.repository.KeyValueRepository
2024-09-24T14:50:48.746+09:00  INFO 22860 --- [mutualrisk] [    Test worker] .s.d.r.c.RepositoryConfigurationDelegate : Finished Spring Data repository scanning in 12 ms. Found 0 Redis repository interfaces.
2024-09-24T14:50:48.941+09:00  INFO 22860 --- [mutualrisk] [    Test worker] o.hibernate.jpa.internal.util.LogHelper  : HHH000204: Processing PersistenceUnitInfo [name: default]
2024-09-24T14:50:48.950+09:00  INFO 22860 --- [mutualrisk] [    Test worker] o.h.c.internal.RegionFactoryInitiator    : HHH000026: Second-level cache disabled
2024-09-24T14:50:48.972+09:00  INFO 22860 --- [mutualrisk] [    Test worker] o.s.o.j.p.SpringPersistenceUnitInfo      : No LoadTimeWeaver setup: ignoring JPA class transformer
2024-09-24T14:50:48.974+09:00  INFO 22860 --- [mutualrisk] [    Test worker] com.zaxxer.hikari.HikariDataSource       : HikariPool-3 - Starting...
2024-09-24T14:50:48.975+09:00  INFO 22860 --- [mutualrisk] [    Test worker] com.zaxxer.hikari.pool.HikariPool        : HikariPool-3 - Added connection conn10: url=jdbc:h2:mem:mutualrisk user=SA
2024-09-24T14:50:48.976+09:00  INFO 22860 --- [mutualrisk] [    Test worker] com.zaxxer.hikari.HikariDataSource       : HikariPool-3 - Start completed.
2024-09-24T14:50:49.350+09:00  INFO 22860 --- [mutualrisk] [    Test worker] o.h.e.t.j.p.i.JtaPlatformInitiator       : HHH000489: No JTA platform available (set 'hibernate.transaction.jta.platform' to enable JTA platform integration)
2024-09-24T14:50:49.407+09:00  INFO 22860 --- [mutualrisk] [    Test worker] j.LocalContainerEntityManagerFactoryBean : Initialized JPA EntityManagerFactory for persistence unit 'default'
2024-09-24T14:50:49.545+09:00  WARN 22860 --- [mutualrisk] [    Test worker] c.e.m.common.oauth.util.TokenProvider    : key : Z29nby10bS1zZXJ2ZXItZGxyamVvYW9yb3JodG9kZ290c3Atam9vbmdhbmduaW0teWVvbHNpbWhpaGFswvuqoxyve
2024-09-24T14:50:49.578+09:00  INFO 22860 --- [mutualrisk] [    Test worker] org.mongodb.driver.client                : MongoClient with metadata {"driver": {"name": "mongo-java-driver|sync", "version": "5.0.1"}, "os": {"type": "Windows", "name": "Windows 10", "architecture": "amd64", "version": "10.0"}, "platform": "Java/Eclipse Adoptium/17.0.11+9"} created with settings MongoClientSettings{readPreference=primary, writeConcern=WriteConcern{w=null, wTimeout=null ms, journal=null}, retryWrites=true, retryReads=true, readConcern=ReadConcern{level=null}, credential=null, transportSettings=null, commandListeners=[], codecRegistry=ProvidersCodecRegistry{codecProviders=[ValueCodecProvider{}, BsonValueCodecProvider{}, DBRefCodecProvider{}, DBObjectCodecProvider{}, DocumentCodecProvider{}, CollectionCodecProvider{}, IterableCodecProvider{}, MapCodecProvider{}, GeoJsonCodecProvider{}, GridFSFileCodecProvider{}, Jsr310CodecProvider{}, JsonObjectCodecProvider{}, BsonCodecProvider{}, EnumCodecProvider{}, com.mongodb.client.model.mql.ExpressionCodecProvider@7a0ebd12, com.mongodb.Jep395RecordCodecProvider@ee395c, com.mongodb.KotlinCodecProvider@79da2f0d]}, loggerSettings=LoggerSettings{maxDocumentLength=1000}, clusterSettings={hosts=[j11a607.p.ssafy.io:27017], srvServiceName=mongodb, mode=SINGLE, requiredClusterType=UNKNOWN, requiredReplicaSetName='null', serverSelector='null', clusterListeners='[]', serverSelectionTimeout='30000 ms', localThreshold='15 ms'}, socketSettings=SocketSettings{connectTimeoutMS=10000, readTimeoutMS=0, receiveBufferSize=0, proxySettings=ProxySettings{host=null, port=null, username=null, password=null}}, heartbeatSocketSettings=SocketSettings{connectTimeoutMS=10000, readTimeoutMS=10000, receiveBufferSize=0, proxySettings=ProxySettings{host=null, port=null, username=null, password=null}}, connectionPoolSettings=ConnectionPoolSettings{maxSize=100, minSize=0, maxWaitTimeMS=120000, maxConnectionLifeTimeMS=0, maxConnectionIdleTimeMS=0, maintenanceInitialDelayMS=0, maintenanceFrequencyMS=60000, connectionPoolListeners=[], maxConnecting=2}, serverSettings=ServerSettings{heartbeatFrequencyMS=10000, minHeartbeatFrequencyMS=500, serverListeners='[]', serverMonitorListeners='[]'}, sslSettings=SslSettings{enabled=false, invalidHostNameAllowed=false, context=null}, applicationName='null', compressorList=[], uuidRepresentation=UNSPECIFIED, serverApi=null, autoEncryptionSettings=null, dnsClient=null, inetAddressResolver=null, contextProvider=null}
2024-09-24T14:50:49.599+09:00  INFO 22860 --- [mutualrisk] [.ssafy.io:27017] org.mongodb.driver.cluster               : Monitor thread successfully connected to server with description ServerDescription{address=j11a607.p.ssafy.io:27017, type=STANDALONE, state=CONNECTED, ok=true, minWireVersion=0, maxWireVersion=6, maxDocumentSize=16777216, logicalSessionTimeoutMinutes=30, roundTripTimeNanos=8852800}
2024-09-24T14:50:49.709+09:00  WARN 22860 --- [mutualrisk] [    Test worker] JpaBaseConfiguration$JpaWebConfiguration : spring.jpa.open-in-view is enabled by default. Therefore, database queries may be performed during view rendering. Explicitly configure spring.jpa.open-in-view to disable this warning
2024-09-24T14:50:50.021+09:00  INFO 22860 --- [mutualrisk] [    Test worker] c.e.m.c.oauth.util.TokenProviderTest     : Started TokenProviderTest in 1.897 seconds (process running for 20.942)
2024-09-24T14:50:50.037+09:00  WARN 22860 --- [mutualrisk] [    Test worker] c.e.m.common.oauth.util.TokenProvider    : key : Z29nby10bS1zZXJ2ZXItZGxyamVvYW9yb3JodG9kZ290c3Atam9vbmdhbmduaW0teWVvbHNpbWhpaGFswvuqoxyve
2024-09-24T14:50:50.556+09:00  WARN 22860 --- [mutualrisk] [    Test worker] c.e.m.common.oauth.util.TokenProvider    : 현재 토큰 : eyJhbGciOiJIUzI1NiJ9.eyJzdWIiOiJ1c2VyMTIzIiwiaWF0IjoxNzI3MTU3MDUwLCJleHAiOjE3MjcxNjA2NTB9.dKrAfQdvFfTjvsyiUmIQQZiPj6PaYdyYVqKvqdY4YXY
2024-09-24T14:50:50.557+09:00  WARN 22860 --- [mutualrisk] [    Test worker] c.e.m.common.oauth.util.TokenProvider    : 토큰 만료시간 : Tue Sep 24 15:50:50 KST 2024
2024-09-24T14:50:50.579+09:00  WARN 22860 --- [mutualrisk] [    Test worker] c.e.m.common.oauth.util.TokenProvider    : key : Z29nby10bS1zZXJ2ZXItZGxyamVvYW9yb3JodG9kZ290c3Atam9vbmdhbmduaW0teWVvbHNpbWhpaGFswvuqoxyve
2024-09-24T14:50:50.590+09:00  WARN 22860 --- [mutualrisk] [    Test worker] c.e.m.common.oauth.util.TokenProvider    : key : Z29nby10bS1zZXJ2ZXItZGxyamVvYW9yb3JodG9kZ290c3Atam9vbmdhbmduaW0teWVvbHNpbWhpaGFswvuqoxyve
]]></system-out>
  <system-err><![CDATA[]]></system-err>
</testsuite>
